c:\users\jimmy\desktop\da\jimmygod\framework\graphics\x64\debug\graphics.pch
c:\users\jimmy\desktop\da\jimmygod\framework\graphics\x64\debug\graphics.pdb
c:\users\jimmy\desktop\da\jimmygod\framework\graphics\x64\debug\graphics.idb
c:\users\jimmy\desktop\da\jimmygod\framework\graphics\x64\debug\precompiled.obj
c:\users\jimmy\desktop\da\jimmygod\framework\graphics\x64\debug\simpledraw.obj
c:\users\jimmy\desktop\da\jimmygod\framework\graphics\x64\debug\sampler.obj
c:\users\jimmy\desktop\da\jimmygod\framework\graphics\x64\debug\rendertarget.obj
c:\users\jimmy\desktop\da\jimmygod\framework\graphics\x64\debug\pixelshader.obj
c:\users\jimmy\desktop\da\jimmygod\framework\graphics\x64\debug\objloader.obj
c:\users\jimmy\desktop\da\jimmygod\framework\graphics\x64\debug\model.obj
c:\users\jimmy\desktop\da\jimmygod\framework\graphics\x64\debug\meshio.obj
c:\users\jimmy\desktop\da\jimmygod\framework\graphics\x64\debug\meshbuilder.obj
c:\users\jimmy\desktop\da\jimmygod\framework\graphics\x64\debug\meshbuffer.obj
c:\users\jimmy\desktop\da\jimmygod\framework\graphics\x64\debug\graphicssystem.obj
c:\users\jimmy\desktop\da\jimmygod\framework\graphics\x64\debug\debugui.obj
c:\users\jimmy\desktop\da\jimmygod\framework\graphics\x64\debug\d3dutil.obj
c:\users\jimmy\desktop\da\jimmygod\framework\graphics\x64\debug\constantbuffer.obj
c:\users\jimmy\desktop\da\jimmygod\framework\graphics\x64\debug\camera.obj
c:\users\jimmy\desktop\da\jimmygod\framework\graphics\x64\debug\blendstate.obj
c:\users\jimmy\desktop\da\jimmygod\framework\graphics\x64\debug\animator.obj
c:\users\jimmy\desktop\da\jimmygod\framework\graphics\x64\debug\animationio.obj
c:\users\jimmy\desktop\da\jimmygod\framework\graphics\x64\debug\animationclip.obj
c:\users\jimmy\desktop\da\jimmygod\framework\graphics\x64\debug\animationbuilder.obj
c:\users\jimmy\desktop\da\jimmygod\framework\graphics\x64\debug\animation.obj
c:\users\jimmy\desktop\da\jimmygod\framework\graphics\x64\debug\vertexshader.obj
c:\users\jimmy\desktop\da\jimmygod\framework\graphics\x64\debug\texture.obj
c:\users\jimmy\desktop\da\jimmygod\framework\graphics\x64\debug\skeletonio.obj
c:\users\jimmy\desktop\da\jimmygod\framework\graphics\x64\debug\skeleton.obj
c:\users\jimmy\desktop\da\jimmygod\x64\debug\graphics.lib
c:\users\jimmy\desktop\da\jimmygod\framework\graphics\x64\debug\graphics.tlog\cl.command.1.tlog
c:\users\jimmy\desktop\da\jimmygod\framework\graphics\x64\debug\graphics.tlog\cl.read.1.tlog
c:\users\jimmy\desktop\da\jimmygod\framework\graphics\x64\debug\graphics.tlog\cl.write.1.tlog
c:\users\jimmy\desktop\da\jimmygod\framework\graphics\x64\debug\graphics.tlog\lib-link.read.1.tlog
c:\users\jimmy\desktop\da\jimmygod\framework\graphics\x64\debug\graphics.tlog\lib-link.write.1.tlog
c:\users\jimmy\desktop\da\jimmygod\framework\graphics\x64\debug\graphics.tlog\lib.command.1.tlog
