c:\users\jimmy\desktop\da\jimmygod\app\fighter_ground\debug\vc141.pdb
c:\users\jimmy\desktop\da\jimmygod\app\fighter_ground\debug\vc141.idb
c:\users\jimmy\desktop\da\jimmygod\app\fighter_ground\debug\winmain.obj
c:\users\jimmy\desktop\da\jimmygod\app\fighter_ground\debug\gamestate.obj
c:\users\jimmy\desktop\da\jimmygod\app\fighter_ground\debug\projectile.obj
c:\users\jimmy\desktop\da\jimmygod\app\fighter_ground\debug\player.obj
c:\users\jimmy\desktop\da\jimmygod\app\fighter_ground\debug\hud.obj
c:\users\jimmy\desktop\da\jimmygod\app\fighter_ground\debug\energy.obj
c:\users\jimmy\desktop\da\jimmygod\app\fighter_ground\debug\enemymanager.obj
c:\users\jimmy\desktop\da\jimmygod\app\fighter_ground\debug\bulletmanager.obj
c:\users\jimmy\desktop\da\jimmygod\app\fighter_ground\debug\ui.obj
c:\users\jimmy\desktop\da\jimmygod\app\fighter_ground\debug\enemy.obj
c:\users\jimmy\desktop\da\jimmygod\debug\fighter_ground.exe
c:\users\jimmy\desktop\da\jimmygod\debug\fighter_ground.ilk
c:\users\jimmy\desktop\da\jimmygod\debug\fighter_ground.pdb
c:\users\jimmy\desktop\da\jimmygod\app\fighter_ground\debug\fighter_ground.tlog\cl.command.1.tlog
c:\users\jimmy\desktop\da\jimmygod\app\fighter_ground\debug\fighter_ground.tlog\cl.read.1.tlog
c:\users\jimmy\desktop\da\jimmygod\app\fighter_ground\debug\fighter_ground.tlog\cl.write.1.tlog
c:\users\jimmy\desktop\da\jimmygod\app\fighter_ground\debug\fighter_ground.tlog\link.command.1.tlog
c:\users\jimmy\desktop\da\jimmygod\app\fighter_ground\debug\fighter_ground.tlog\link.read.1.tlog
c:\users\jimmy\desktop\da\jimmygod\app\fighter_ground\debug\fighter_ground.tlog\link.write.1.tlog
