c:\users\jimmy\desktop\da\vgp332\ai\debug\ai.pch
c:\users\jimmy\desktop\da\vgp332\ai\debug\ai.pdb
c:\users\jimmy\desktop\da\vgp332\ai\debug\ai.idb
c:\users\jimmy\desktop\da\vgp332\ai\debug\precompiled.obj
c:\users\jimmy\desktop\da\vgp332\ai\debug\separationbehavior.obj
c:\users\jimmy\desktop\da\vgp332\ai\debug\seekbehavior.obj
c:\users\jimmy\desktop\da\vgp332\ai\debug\pursuitbehavior.obj
c:\users\jimmy\desktop\da\vgp332\ai\debug\perceptionmodule.obj
c:\users\jimmy\desktop\da\vgp332\ai\debug\memoryrecord.obj
c:\users\jimmy\desktop\da\vgp332\ai\debug\hidebehavior.obj
c:\users\jimmy\desktop\da\vgp332\ai\debug\graph.obj
c:\users\jimmy\desktop\da\vgp332\ai\debug\fleebehavior.obj
c:\users\jimmy\desktop\da\vgp332\ai\debug\evadebehavior.obj
c:\users\jimmy\desktop\da\vgp332\ai\debug\entity.obj
c:\users\jimmy\desktop\da\vgp332\ai\debug\dijkstra.obj
c:\users\jimmy\desktop\da\vgp332\ai\debug\dfs.obj
c:\users\jimmy\desktop\da\vgp332\ai\debug\cohesionbehavior.obj
c:\users\jimmy\desktop\da\vgp332\ai\debug\bfs.obj
c:\users\jimmy\desktop\da\vgp332\ai\debug\avoidobsbehavior.obj
c:\users\jimmy\desktop\da\vgp332\ai\debug\arrivebehavior.obj
c:\users\jimmy\desktop\da\vgp332\ai\debug\alignmentbehavior.obj
c:\users\jimmy\desktop\da\vgp332\ai\debug\agent.obj
c:\users\jimmy\desktop\da\vgp332\ai\debug\astar.obj
c:\users\jimmy\desktop\da\vgp332\ai\debug\aiworld.obj
c:\users\jimmy\desktop\da\vgp332\ai\debug\wanderbehavior.obj
c:\users\jimmy\desktop\da\vgp332\ai\debug\wallavoidbehavior.obj
c:\users\jimmy\desktop\da\vgp332\ai\debug\visualsensor.obj
c:\users\jimmy\desktop\da\vgp332\ai\debug\steeringmodule.obj
c:\users\jimmy\desktop\da\jimmygod\framework\ai\debug\ai.pdb
c:\users\jimmy\desktop\da\jimmygod\framework\ai\debug\ai.idb
c:\users\jimmy\desktop\da\jimmygod\framework\ai\debug\pursuitbehavior.obj
c:\users\jimmy\desktop\da\jimmygod\framework\ai\debug\perceptionmodule.obj
c:\users\jimmy\desktop\da\jimmygod\framework\ai\debug\alignmentbehavior.obj
c:\users\jimmy\desktop\da\jimmygod\framework\ai\debug\aiworld.obj
c:\users\jimmy\desktop\da\jimmygod\framework\ai\debug\agent.obj
c:\users\jimmy\desktop\da\jimmygod\framework\ai\debug\entity.obj
c:\users\jimmy\desktop\da\jimmygod\framework\ai\debug\dijkstra.obj
c:\users\jimmy\desktop\da\jimmygod\framework\ai\debug\dfs.obj
c:\users\jimmy\desktop\da\jimmygod\framework\ai\debug\cohesionbehavior.obj
c:\users\jimmy\desktop\da\jimmygod\framework\ai\debug\bfs.obj
c:\users\jimmy\desktop\da\jimmygod\framework\ai\debug\avoidobsbehavior.obj
c:\users\jimmy\desktop\da\jimmygod\framework\ai\debug\astar.obj
c:\users\jimmy\desktop\da\jimmygod\framework\ai\debug\graph.obj
c:\users\jimmy\desktop\da\jimmygod\framework\ai\debug\wanderbehavior.obj
c:\users\jimmy\desktop\da\jimmygod\framework\ai\debug\wallavoidbehavior.obj
c:\users\jimmy\desktop\da\jimmygod\framework\ai\debug\visualsensor.obj
c:\users\jimmy\desktop\da\jimmygod\framework\ai\debug\steeringmodule.obj
c:\users\jimmy\desktop\da\jimmygod\framework\ai\debug\ai.pch
c:\users\jimmy\desktop\da\jimmygod\framework\ai\debug\precompiled.obj
c:\users\jimmy\desktop\da\jimmygod\framework\ai\debug\separationbehavior.obj
c:\users\jimmy\desktop\da\jimmygod\framework\ai\debug\seekbehavior.obj
c:\users\jimmy\desktop\da\jimmygod\framework\ai\debug\memoryrecord.obj
c:\users\jimmy\desktop\da\jimmygod\framework\ai\debug\hidebehavior.obj
c:\users\jimmy\desktop\da\jimmygod\framework\ai\debug\fleebehavior.obj
c:\users\jimmy\desktop\da\jimmygod\framework\ai\debug\evadebehavior.obj
c:\users\jimmy\desktop\da\jimmygod\framework\ai\debug\arrivebehavior.obj
c:\users\jimmy\desktop\da\vgp332\debug\ai.lib
c:\users\jimmy\desktop\da\jimmygod\debug\ai.lib
c:\users\jimmy\desktop\da\jimmygod\debug\ai.pdb
c:\users\jimmy\desktop\da\jimmygod\framework\ai\debug\ai.tlog\cl.command.1.tlog
c:\users\jimmy\desktop\da\jimmygod\framework\ai\debug\ai.tlog\cl.read.1.tlog
c:\users\jimmy\desktop\da\jimmygod\framework\ai\debug\ai.tlog\cl.write.1.tlog
c:\users\jimmy\desktop\da\jimmygod\framework\ai\debug\ai.tlog\lib-link.read.1.tlog
c:\users\jimmy\desktop\da\jimmygod\framework\ai\debug\ai.tlog\lib-link.write.1.tlog
c:\users\jimmy\desktop\da\jimmygod\framework\ai\debug\ai.tlog\lib.command.1.tlog
