c:\users\jimmy\desktop\da\jimmygod\framework\graphics\debug\graphics.pch
c:\users\jimmy\desktop\da\jimmygod\framework\graphics\debug\graphics.pdb
c:\users\jimmy\desktop\da\jimmygod\framework\graphics\debug\graphics.idb
c:\users\jimmy\desktop\da\jimmygod\framework\graphics\debug\precompiled.obj
c:\users\jimmy\desktop\da\jimmygod\framework\graphics\debug\sampler.obj
c:\users\jimmy\desktop\da\jimmygod\framework\graphics\debug\rendertarget.obj
c:\users\jimmy\desktop\da\jimmygod\framework\graphics\debug\pixelshader.obj
c:\users\jimmy\desktop\da\jimmygod\framework\graphics\debug\objloader.obj
c:\users\jimmy\desktop\da\jimmygod\framework\graphics\debug\model.obj
c:\users\jimmy\desktop\da\jimmygod\framework\graphics\debug\meshio.obj
c:\users\jimmy\desktop\da\jimmygod\framework\graphics\debug\meshbuilder.obj
c:\users\jimmy\desktop\da\jimmygod\framework\graphics\debug\meshbuffer.obj
c:\users\jimmy\desktop\da\jimmygod\framework\graphics\debug\graphicssystem.obj
c:\users\jimmy\desktop\da\jimmygod\framework\graphics\debug\font.obj
c:\users\jimmy\desktop\da\jimmygod\framework\graphics\debug\debugui.obj
c:\users\jimmy\desktop\da\jimmygod\framework\graphics\debug\d3dutil.obj
c:\users\jimmy\desktop\da\jimmygod\framework\graphics\debug\constantbuffer.obj
c:\users\jimmy\desktop\da\jimmygod\framework\graphics\debug\camera.obj
c:\users\jimmy\desktop\da\jimmygod\framework\graphics\debug\blendstate.obj
c:\users\jimmy\desktop\da\jimmygod\framework\graphics\debug\animator.obj
c:\users\jimmy\desktop\da\jimmygod\framework\graphics\debug\animationio.obj
c:\users\jimmy\desktop\da\jimmygod\framework\graphics\debug\animationclip.obj
c:\users\jimmy\desktop\da\jimmygod\framework\graphics\debug\animationbuilder.obj
c:\users\jimmy\desktop\da\jimmygod\framework\graphics\debug\animation.obj
c:\users\jimmy\desktop\da\jimmygod\framework\graphics\debug\vertexshader.obj
c:\users\jimmy\desktop\da\jimmygod\framework\graphics\debug\texturemanager.obj
c:\users\jimmy\desktop\da\jimmygod\framework\graphics\debug\texture.obj
c:\users\jimmy\desktop\da\jimmygod\framework\graphics\debug\spriterenderer.obj
c:\users\jimmy\desktop\da\jimmygod\framework\graphics\debug\skeletonio.obj
c:\users\jimmy\desktop\da\jimmygod\framework\graphics\debug\skeleton.obj
c:\users\jimmy\desktop\da\jimmygod\framework\graphics\debug\simpledraw.obj
c:\users\jimmy\desktop\da\jimmygod\framework\graphics\debug\spriterendermanager.obj
c:\users\jimmy\desktop\da\jimmygod\debug\graphics.lib
c:\users\jimmy\desktop\da\jimmygod\debug\graphics.pdb
c:\users\jimmy\desktop\da\jimmygod\framework\graphics\debug\graphics.tlog\cl.command.1.tlog
c:\users\jimmy\desktop\da\jimmygod\framework\graphics\debug\graphics.tlog\cl.read.1.tlog
c:\users\jimmy\desktop\da\jimmygod\framework\graphics\debug\graphics.tlog\cl.write.1.tlog
c:\users\jimmy\desktop\da\jimmygod\framework\graphics\debug\graphics.tlog\lib-link.read.1.tlog
c:\users\jimmy\desktop\da\jimmygod\framework\graphics\debug\graphics.tlog\lib-link.write.1.tlog
c:\users\jimmy\desktop\da\jimmygod\framework\graphics\debug\graphics.tlog\lib.command.1.tlog
