c:\users\jimmy\desktop\da\vgp332\debug\02_hellosteering.lib
c:\users\jimmy\desktop\da\vgp332\debug\02_hellosteering.exp
c:\users\jimmy\desktop\da\vgp332\02_hellosteering\debug\vc141.pdb
c:\users\jimmy\desktop\da\vgp332\02_hellosteering\debug\vc141.idb
c:\users\jimmy\desktop\da\vgp332\02_hellosteering\debug\winmain.obj
c:\users\jimmy\desktop\da\vgp332\02_hellosteering\debug\tilemap.obj
c:\users\jimmy\desktop\da\vgp332\02_hellosteering\debug\mario.obj
c:\users\jimmy\desktop\da\vgp332\02_hellosteering\debug\fish.obj
c:\users\jimmy\desktop\da\jimmygod\vgp332\02_hellosteering\debug\vc141.pdb
c:\users\jimmy\desktop\da\jimmygod\vgp332\02_hellosteering\debug\vc141.idb
c:\users\jimmy\desktop\da\jimmygod\vgp332\02_hellosteering\debug\tilemap.obj
c:\users\jimmy\desktop\da\jimmygod\vgp332\02_hellosteering\debug\winmain.obj
c:\users\jimmy\desktop\da\jimmygod\vgp332\02_hellosteering\debug\gamestate.obj
c:\users\jimmy\desktop\da\jimmygod\vgp332\02_hellosteering\debug\player.obj
c:\users\jimmy\desktop\da\jimmygod\vgp332\02_hellosteering\debug\soldier.obj
c:\users\jimmy\desktop\da\vgp332\debug\02_hellosteering.exe
c:\users\jimmy\desktop\da\vgp332\debug\02_hellosteering.ilk
c:\users\jimmy\desktop\da\vgp332\debug\02_hellosteering.pdb
c:\users\jimmy\desktop\da\jimmygod\debug\02_hellosteering.exe
c:\users\jimmy\desktop\da\jimmygod\debug\02_hellosteering.ilk
c:\users\jimmy\desktop\da\jimmygod\debug\02_hellosteering.pdb
c:\users\jimmy\desktop\da\jimmygod\vgp332\02_hellosteering\debug\fish.obj
c:\users\jimmy\desktop\da\jimmygod\vgp332\02_hellosteering\debug\mario.obj
c:\users\jimmy\desktop\da\jimmygod\vgp332\02_hellosteering\debug\02_hellosteering.tlog\02_hellosteering.write.1u.tlog
c:\users\jimmy\desktop\da\jimmygod\vgp332\02_hellosteering\debug\02_hellosteering.tlog\cl.command.1.tlog
c:\users\jimmy\desktop\da\jimmygod\vgp332\02_hellosteering\debug\02_hellosteering.tlog\cl.read.1.tlog
c:\users\jimmy\desktop\da\jimmygod\vgp332\02_hellosteering\debug\02_hellosteering.tlog\cl.write.1.tlog
c:\users\jimmy\desktop\da\jimmygod\vgp332\02_hellosteering\debug\02_hellosteering.tlog\link.command.1.tlog
c:\users\jimmy\desktop\da\jimmygod\vgp332\02_hellosteering\debug\02_hellosteering.tlog\link.read.1.tlog
c:\users\jimmy\desktop\da\jimmygod\vgp332\02_hellosteering\debug\02_hellosteering.tlog\link.write.1.tlog
