c:\users\jimmy\desktop\da\jimmygod\engine\jimmygodengine\debug\jimmygodengine.pdb
c:\users\jimmy\desktop\da\jimmygod\engine\jimmygodengine\debug\jimmygodengine.idb
c:\users\jimmy\desktop\da\jimmygod\engine\jimmygodengine\debug\jimmygodengine.obj
c:\users\jimmy\desktop\da\jimmygod\engine\jimmygodengine\debug\app.obj
c:\users\jimmy\desktop\da\jimmygod\engine\jimmygodengine\debug\transformcomponent.obj
c:\users\jimmy\desktop\da\jimmygod\engine\jimmygodengine\debug\metaregistration.obj
c:\users\jimmy\desktop\da\jimmygod\engine\jimmygodengine\debug\gameworld.obj
c:\users\jimmy\desktop\da\jimmygod\engine\jimmygodengine\debug\gameobjectfactory.obj
c:\users\jimmy\desktop\da\jimmygod\engine\jimmygodengine\debug\component.obj
c:\users\jimmy\desktop\da\jimmygod\engine\jimmygodengine\debug\skydome.obj
c:\users\jimmy\desktop\da\jimmygod\engine\jimmygodengine\debug\cloth.obj
c:\users\jimmy\desktop\da\jimmygod\engine\jimmygodengine\debug\planet.obj
c:\users\jimmy\desktop\da\jimmygod\debug\jimmygodengine.lib
c:\users\jimmy\desktop\da\jimmygod\engine\jimmygodengine\debug\cameraservice.obj
c:\users\jimmy\desktop\da\jimmygod\engine\jimmygodengine\debug\collidercomponent.obj
c:\users\jimmy\desktop\da\jimmygod\engine\jimmygodengine\debug\gameobject.obj
c:\users\jimmy\desktop\da\jimmygod\engine\jimmygodengine\debug\precompiled.obj
c:\users\jimmy\desktop\da\jimmygod\engine\jimmygodengine\debug\service.obj
c:\users\jimmy\desktop\da\jimmygod\engine\jimmygodengine\debug\terrain.obj
c:\users\jimmy\desktop\da\jimmygod\debug\jimmygodengine.pdb
c:\users\jimmy\desktop\da\jimmygod\engine\jimmygodengine\debug\jimmygodengine.tlog\cl.command.1.tlog
c:\users\jimmy\desktop\da\jimmygod\engine\jimmygodengine\debug\jimmygodengine.tlog\cl.read.1.tlog
c:\users\jimmy\desktop\da\jimmygod\engine\jimmygodengine\debug\jimmygodengine.tlog\cl.write.1.tlog
c:\users\jimmy\desktop\da\jimmygod\engine\jimmygodengine\debug\jimmygodengine.tlog\lib-link.read.1.tlog
c:\users\jimmy\desktop\da\jimmygod\engine\jimmygodengine\debug\jimmygodengine.tlog\lib-link.write.1.tlog
c:\users\jimmy\desktop\da\jimmygod\engine\jimmygodengine\debug\jimmygodengine.tlog\lib.command.1.tlog
